build/app/outputs/mapping/release/seeds.txt
com.example.awb247.MainActivity: MainActivity()
com.example.awb247.MainActivity
...
io.flutter.embedding.android.FlutterTextureView
com.google.android.gms.measurement.AppMeasurement$ConditionalUserProperty: java.lang.String mTriggeredEventName
com.google.android.gms.internal.measurement.zzes
com.google.android.gms.measurement.AppMeasurement: int getMaxUserProperties(java.lang.String)
com.google.android.gms.internal.measurement.zzfy: long zzx
com.google.android.gms.measurement.AppMeasurement: com.google.android.gms.measurement.AppMeasurement getInstance(android.content.Context)
io.flutter.embedding.engine.FlutterJNI: void setPlatformMessageHandler(io.flutter.embedding.engine.dart.PlatformMessageHandler)
com.google.android.gms.internal.measurement.zzgf: com.google.android.gms.internal.measurement.zzgf zza
io.flutter.embedding.engine.mutatorsstack.FlutterMutatorsStack: android.graphics.Matrix finalMatrix
com.google.android.gms.internal.measurement.zzfc: int zzh
io.flutter.embedding.engine.systemchannels.PlatformChannel$SystemUiMode: io.flutter.embedding.engine.systemchannels.PlatformChannel$SystemUiMode[] values()
com.google.android.gms.measurement.internal.AppMeasurementDynamiteService: void beginAdUnitExposure(java.lang.String,long)
io.flutter.view.AccessibilityBridge$Action: io.flutter.view.AccessibilityBridge$Action[] values()
com.google.android.gms.internal.measurement.zzfq: com.google.android.gms.internal.measurement.zzfq zza
com.google.android.gms.internal.measurement.zzfs: long zzh
com.google.android.gms.measurement.internal.zzp: android.os.Parcelable$Creator CREATOR
io.flutter.plugin.editing.ImeSyncDeferringInsetsCallback: android.view.View access$602(io.flutter.plugin.editing.ImeSyncDeferringInsetsCallback,android.view.View)
com.google.firebase.analytics.FirebaseAnalytics: java.lang.String getFirebaseInstanceId()
io.flutter.embedding.engine.renderer.SurfaceTextureWrapper: boolean released
io.flutter.embedding.engine.FlutterJNI: io.flutter.embedding.engine.FlutterJNI nativeSpawn(long,java.lang.String,java.lang.String)
io.flutter.plugins.GeneratedPluginRegistrant: void registerWith(io.flutter.embedding.engine.FlutterEngine)
io.flutter.embedding.engine.mutatorsstack.FlutterMutatorsStack
com.google.android.gms.measurement.AppMeasurement: void logEventInternal(java.lang.String,java.lang.String,android.os.Bundle)
com.google.firebase.installations.FirebaseInstallationsException$Status: com.google.firebase.installations.FirebaseInstallationsException$Status valueOf(java.lang.String)
com.google.android.gms.internal.measurement.zzfy: boolean zzA
com.google.android.gms.internal.measurement.zzex: boolean zzh
io.flutter.embedding.engine.systemchannels.PlatformChannel$SystemUiOverlay: io.flutter.embedding.engine.systemchannels.PlatformChannel$SystemUiOverlay[] values()
com.google.android.gms.internal.measurement.zzfy: java.lang.String zzF
io.flutter.plugin.platform.SingleViewPresentation: int viewId
io.flutter.plugin.platform.SingleViewPresentation: java.lang.Object createParams
io.flutter.embedding.engine.FlutterJNI: void nativeSurfaceDestroyed(long)
io.flutter.plugin.platform.SingleViewPresentation: android.widget.FrameLayout container
com.google.android.gms.internal.measurement.zzgo: com.google.android.gms.internal.measurement.zzgo zza
io.flutter.view.AccessibilityViewEmbedder: int nextFlutterId
com.google.android.gms.measurement.internal.AppMeasurementDynamiteService: void resetAnalyticsData(long)
com.google.android.gms.internal.measurement.zzeh: boolean zzi
com.google.android.gms.measurement.internal.AppMeasurementDynamiteService: void setEventInterceptor(com.google.android.gms.internal.measurement.zzci)
io.flutter.embedding.android.RenderMode: io.flutter.embedding.android.RenderMode[] values()
com.google.firebase.installations.local.PersistedInstallation$RegistrationStatus: com.google.firebase.installations.local.PersistedInstallation$RegistrationStatus valueOf(java.lang.String)