build/app/outputs/mapping/release/usage.txt
com.example.awb247.R$attr
com.example.awb247.R$integer
com.example.awb247.R
com.example.awb247.R$layout
com.example.awb247.R$style
com.example.awb247.R$dimen
com.example.awb247.R$id
com.example.awb247.R$mipmap
com.example.awb247.R$string
com.example.awb247.R$styleable
com.example.awb247.R$color
com.example.awb247.BuildConfig
com.example.awb247.R$drawable
...
io.flutter.Log:
    private static int logLevel
    public static int ASSERT
    public static int DEBUG
    public static int ERROR
    public static int INFO
    public static int VERBOSE
    public static int WARN
com.google.android.gms.internal.measurement.zzmy:
    public static final com.google.android.gms.internal.measurement.zzhu zzb
com.google.android.gms.internal.measurement.zznk:
    public static final com.google.android.gms.internal.measurement.zzhu zza
    public static final com.google.android.gms.internal.measurement.zzhu zzb
    public static final com.google.android.gms.internal.measurement.zzhu zzc
com.google.android.gms.measurement.internal.zzif:
    static final java.lang.String zza(java.lang.String,java.lang.String)
androidx.lifecycle.Lifecycle:
    java.util.concurrent.atomic.AtomicReference mInternalScopeRef
com.google.android.gms.internal.measurement.zzof:
    public static final com.google.android.gms.internal.measurement.zzhu zzb
    public static final com.google.android.gms.internal.measurement.zzhu zzc
com.google.firebase.components.RestrictedComponentContainer$RestrictedPublisher:
    private final java.util.Set allowedPublishedEvents
com.google.android.gms.internal.measurement.zzjp:
    private final com.google.android.gms.internal.measurement.zzki zzab
    private final java.lang.Class zzad
com.google.android.gms.internal.measurement.zzgw:
    private static volatile boolean zza
com.google.android.gms.internal.measurement.zzkj
com.google.android.gms.common.zzm:
    static final com.google.android.gms.common.zzk zza
    static final com.google.android.gms.common.zzk zzb
com.google.android.gms.dynamite.zzl
io.flutter.embedding.engine.mutatorsstack.FlutterMutatorsStack$FlutterMutator:
    private android.graphics.Rect rect
    private float[] radiis
    private io.flutter.embedding.engine.mutatorsstack.FlutterMutatorsStack$FlutterMutatorType type
    final synthetic io.flutter.embedding.engine.mutatorsstack.FlutterMutatorsStack this$0
com.google.android.gms.common.GooglePlayServicesUtilLight:
    static final java.util.concurrent.atomic.AtomicBoolean sCanceledAvailabilityNotification
com.google.firebase.FirebaseApp:
    private final java.util.List lifecycleListeners
androidx.lifecycle.MethodCallsLogger:
    private java.util.Map mCalledMethods
com.google.firebase.heartbeatinfo.HeartBeatInfoStorage:
    private final android.content.SharedPreferences heartBeatSharedPreferences
io.flutter.embedding.engine.systemchannels.PlatformViewsChannel$1$1:
    final synthetic io.flutter.embedding.engine.systemchannels.PlatformViewsChannel$1 this$1
io.flutter.plugin.mouse.MouseCursorPlugin$2:
    final synthetic io.flutter.plugin.mouse.MouseCursorPlugin this$0
com.google.android.gms.internal.measurement.zzka
com.google.android.gms.measurement.internal.zzks:
    public final com.google.android.gms.measurement.internal.zzz zzf()
com.google.android.gms.internal.measurement.zzou:
    public static final com.google.android.gms.internal.measurement.zzhu zza
    public static final com.google.android.gms.internal.measurement.zzhu zzc
    public static final com.google.android.gms.internal.measurement.zzhu zze
io.flutter.plugin.editing.TextInputPlugin$2:
    final synthetic io.flutter.plugin.editing.TextInputPlugin this$0
com.google.android.gms.common.util.CrashUtils:
    private static final java.lang.String[] zza
com.google.android.gms.internal.measurement.zzki:
    private final java.lang.Class zzl
com.google.android.gms.internal.measurement.zzep:
    private static final com.google.android.gms.internal.measurement.zzka zza
io.flutter.embedding.engine.loader.FlutterApplicationInfo:
    public final java.lang.String vmSnapshotData
    public final java.lang.String isolateSnapshotData
com.google.firebase.components.RestrictedComponentContainer:
    private final java.util.Set allowedDeferredInterfaces
com.google.android.gms.common.util.AndroidUtilsLight:
    private static volatile int zza